<?xml version="1.0" encoding="UTF-8"?>
<testsuites name="jest tests" tests="4" failures="0" errors="0" time="12.325">
  <testsuite name="undefined" errors="0" failures="0" skipped="0" timestamp="2022-10-09T14:08:25" time="12.138" tests="4">
    <testcase classname=" S3 Bucket Created" name=" S3 Bucket Created" time="0.002">
    </testcase>
    <testcase classname=" S3 Bucket Name is Correct" name=" S3 Bucket Name is Correct" time="0.001">
    </testcase>
    <testcase classname=" no s3 buckets should be public" name=" no s3 buckets should be public" time="0.048">
    </testcase>
    <testcase classname=" all s3 buckets should be s3_managed encrypted" name=" all s3 buckets should be s3_managed encrypted" time="0.03">
    </testcase>
  </testsuite>
</testsuites>